app/build/intermediates/manifest_merge_blame_file/debug/manifest-merger-blame-debug-report.txt
1<?xml version="1.0" encoding="utf-8"?>
2<manifest xmlns:android="http://schemas.android.com/apk/res/android"
3    package="com.jamesswinton.hyterapttmapper"
4    android:versionCode="1"
5    android:versionName="0.1" >
6
7    <uses-sdk
8        android:minSdkVersion="23"
8-->src\main\AndroidManifest.xml
9        android:targetSdkVersion="29" />
9-->src\main\AndroidManifest.xml
10
11    <!-- Permissions -->
12    <uses-permission android:name="android.permission.FOREGROUND_SERVICE" />
12-->src\main\AndroidManifest.xml:7:3-75
12-->src\main\AndroidManifest.xml:7:20-72
13
14    <application
14-->src\main\AndroidManifest.xml:9:3-32:17
15        android:allowBackup="false"
15-->src\main\AndroidManifest.xml:10:5-32
16        android:appComponentFactory="androidx.core.app.CoreComponentFactory"
16-->[androidx.core:core:1.1.0] AndroidManifest.xml:24:18-86
17        android:debuggable="true"
18        android:icon="@mipmap/ic_launcher"
18-->src\main\AndroidManifest.xml:11:5-39
19        android:label="@string/app_name"
19-->src\main\AndroidManifest.xml:12:5-37
20        android:roundIcon="@mipmap/ic_launcher_round"
20-->src\main\AndroidManifest.xml:13:5-50
21        android:supportsRtl="true"
21-->src\main\AndroidManifest.xml:14:5-31
22        android:theme="@style/AppTheme" >
22-->src\main\AndroidManifest.xml:15:5-36
23
24        <!-- Activities -->
25        <activity android:name="com.jamesswinton.hyterapttmapper.MainActivity" >
25-->src\main\AndroidManifest.xml:19:5-24:16
25-->src\main\AndroidManifest.xml:19:15-43
26            <intent-filter>
26-->src\main\AndroidManifest.xml:20:7-23:23
27                <action android:name="android.intent.action.MAIN" />
27-->src\main\AndroidManifest.xml:21:9-61
27-->src\main\AndroidManifest.xml:21:17-58
28
29                <category android:name="android.intent.category.LAUNCHER" />
29-->src\main\AndroidManifest.xml:22:9-69
29-->src\main\AndroidManifest.xml:22:19-66
30            </intent-filter>
31        </activity>
32
33        <!-- Service -->
34        <service
34-->src\main\AndroidManifest.xml:27:5-30:33
35            android:name="com.jamesswinton.hyterapttmapper.PTTMapperService"
35-->src\main\AndroidManifest.xml:28:7-39
36            android:enabled="true"
36-->src\main\AndroidManifest.xml:29:7-29
37            android:exported="true" />
37-->src\main\AndroidManifest.xml:30:7-30
38    </application>
39
40</manifest>